Build started 04/03/2025 18:33:32.
Logging verbosity is set to: Normal.     1>Project "C:\Users\gusta\Documents\DocsGitHub\AprendendoC++\Lab16\Lab16\Lab16.vcxproj" on node 2 (Build target(s)).
     1>PrepareForBuild:
         Structured output is enabled. The formatting of compiler diagnostics will reflect the error hierarchy. See https://aka.ms/cpp/structured-output for more details.
       InitializeBuildStatus:
         Touching "x64\Debug\Lab16.tlog\unsuccessfulbuild".
       ClCompile:
         C:\Program Files\Microsoft Visual Studio\2022\Community\VC\Tools\MSVC\14.43.34808\bin\HostX64\x64\CL.exe /c /ZI /JMC /nologo /W3 /WX- /diagnostics:column /sdl /Od /D _DEBUG /D _CONSOLE /D _UNICODE /D UNICODE /Gm- /EHsc /RTC1 /MDd /GS /fp:precise /Zc:wchar_t /Zc:forScope /Zc:inline /permissive- /Fo"x64\Debug\\" /Fd"x64\Debug\vc143.pdb" /external:W3 /Gd /TP /FC /errorReport:prompt "Apr01(lab16).cpp"
         Apr01(lab16).cpp
       Link:
         C:\Program Files\Microsoft Visual Studio\2022\Community\VC\Tools\MSVC\14.43.34808\bin\HostX64\x64\link.exe /ERRORREPORT:PROMPT /OUT:"C:\Users\gusta\Documents\DocsGitHub\AprendendoC++\Lab16\x64\Debug\Lab16.exe" /INCREMENTAL /ILK:"x64\Debug\Lab16.ilk" /NOLOGO kernel32.lib user32.lib gdi32.lib winspool.lib comdlg32.lib advapi32.lib shell32.lib ole32.lib oleaut32.lib uuid.lib odbc32.lib odbccp32.lib /MANIFEST /MANIFESTUAC:"level='asInvoker' uiAccess='false'" /manifest:embed /DEBUG /PDB:"C:\Users\gusta\Documents\DocsGitHub\AprendendoC++\Lab16\x64\Debug\Lab16.pdb" /SUBSYSTEM:CONSOLE /TLBID:1 /DYNAMICBASE /NXCOMPAT /IMPLIB:"C:\Users\gusta\Documents\DocsGitHub\AprendendoC++\Lab16\x64\Debug\Lab16.lib" /MACHINE:X64 "x64\Debug\Apr01(lab16).obj"
         Lab16.vcxproj -> C:\Users\gusta\Documents\DocsGitHub\AprendendoC++\Lab16\x64\Debug\Lab16.exe
       TlogCleanup:
         Removing the following items from tlogs as they were removed from the project or build: C:\Users\gusta\Documents\DocsGitHub\AprendendoC++\Lab16\Lab16\Fix02(lab16).cpp
       FinalizeBuildStatus:
         Deleting file "x64\Debug\Lab16.tlog\unsuccessfulbuild".
         Touching "x64\Debug\Lab16.tlog\Lab16.lastbuildstate".
     1>Done Building Project "C:\Users\gusta\Documents\DocsGitHub\AprendendoC++\Lab16\Lab16\Lab16.vcxproj" (Build target(s)).

Build succeeded.
    0 Warning(s)
    0 Error(s)

Time Elapsed 00:00:01.16
