Build started 21/01/2025 13:19:14.
Logging verbosity is set to: Normal.     1>Project "C:\Users\gusta\Documents\DocsGitHub\AprendendoC++\Lab05\Lab05\Lab05.vcxproj" on node 2 (Build target(s)).
     1>PrepareForBuild:
         Structured output is enabled. The formatting of compiler diagnostics will reflect the error hierarchy. See https://aka.ms/cpp/structured-output for more details.
       InitializeBuildStatus:
         Creating "x64\Debug\Lab05.tlog\unsuccessfulbuild" because "AlwaysCreate" was specified.
         Touching "x64\Debug\Lab05.tlog\unsuccessfulbuild".
       ClCompile:
         C:\Program Files\Microsoft Visual Studio\2022\Community\VC\Tools\MSVC\14.42.34433\bin\HostX64\x64\CL.exe /c /ZI /JMC /nologo /W3 /WX- /diagnostics:column /sdl /Od /D _DEBUG /D _CONSOLE /D _UNICODE /D UNICODE /Gm- /EHsc /RTC1 /MDd /GS /fp:precise /Zc:wchar_t /Zc:forScope /Zc:inline /permissive- /Fo"x64\Debug\\" /Fd"x64\Debug\vc143.pdb" /external:W3 /Gd /TP /FC /errorReport:prompt "Apr06(lab05).cpp" "Apr06-def(lab05).h" "Apr6-func(lab05).cpp"
         Apr06(lab05).cpp
         Apr06-def(lab05).h
         Apr6-func(lab05).cpp
         Generating Code...
       Link:
         C:\Program Files\Microsoft Visual Studio\2022\Community\VC\Tools\MSVC\14.42.34433\bin\HostX64\x64\link.exe /ERRORREPORT:PROMPT /OUT:"C:\Users\gusta\Documents\DocsGitHub\AprendendoC++\Lab05\x64\Debug\Lab05.exe" /INCREMENTAL /ILK:"x64\Debug\Lab05.ilk" /NOLOGO kernel32.lib user32.lib gdi32.lib winspool.lib comdlg32.lib advapi32.lib shell32.lib ole32.lib oleaut32.lib uuid.lib odbc32.lib odbccp32.lib /MANIFEST /MANIFESTUAC:"level='asInvoker' uiAccess='false'" /manifest:embed /DEBUG /PDB:"C:\Users\gusta\Documents\DocsGitHub\AprendendoC++\Lab05\x64\Debug\Lab05.pdb" /SUBSYSTEM:CONSOLE /TLBID:1 /DYNAMICBASE /NXCOMPAT /IMPLIB:"C:\Users\gusta\Documents\DocsGitHub\AprendendoC++\Lab05\x64\Debug\Lab05.lib" /MACHINE:X64 "x64\Debug\Apr06(lab05).obj"
         "x64\Debug\Apr06-def(lab05).obj"
         "x64\Debug\Apr6-func(lab05).obj"
         Lab05.vcxproj -> C:\Users\gusta\Documents\DocsGitHub\AprendendoC++\Lab05\x64\Debug\Lab05.exe
       TlogCleanup:
         Removing the following items from tlogs as they were removed from the project or build: C:\Users\gusta\Documents\DocsGitHub\AprendendoC++\Lab05\Lab05\x64\Debug\Apr07(lab05).obj
       FinalizeBuildStatus:
         Deleting file "x64\Debug\Lab05.tlog\unsuccessfulbuild".
         Touching "x64\Debug\Lab05.tlog\Lab05.lastbuildstate".
     1>Done Building Project "C:\Users\gusta\Documents\DocsGitHub\AprendendoC++\Lab05\Lab05\Lab05.vcxproj" (Build target(s)).

Build succeeded.
    0 Warning(s)
    0 Error(s)

Time Elapsed 00:00:02.21
